<?xml version="1.0" encoding="UTF-8"?>
<!-- Generated by org.testng.reporters.JUnitReportReporter -->
<testsuite hostname="AUTOMATION-LAB" failures="0" tests="1" name="qsp1.Groups1" time="0.012" errors="0" timestamp="2023-08-28T16:42:27 IST" skipped="0">
  <testcase classname="qsp1.Groups1" name="test3" time="0.012"/>
</testsuite> <!-- qsp1.Groups1 -->
