<?xml version="1.0" encoding="UTF-8"?>
<!-- Generated by org.testng.reporters.JUnitReportReporter -->
<testsuite hostname="AUTOMATION-LAB" failures="0" tests="1" name="qsp.ReportingTool2" time="0.027" errors="0" timestamp="2023-08-29T16:57:27 IST" skipped="0">
  <testcase classname="qsp.ReportingTool2" name="report" time="0.027"/>
</testsuite> <!-- qsp.ReportingTool2 -->
