<?xml version="1.0" encoding="UTF-8"?>
<!-- Generated by org.testng.reporters.JUnitReportReporter -->
<testsuite hostname="AUTOMATION-LAB" failures="0" tests="1" name="qsp1.RunnerClass1" time="9.024" errors="0" timestamp="2023-08-23T17:22:38 IST" skipped="0">
  <testcase classname="qsp1.RunnerClass1" name="click1" time="9.024"/>
</testsuite> <!-- qsp1.RunnerClass1 -->
