<?xml version="1.0" encoding="UTF-8"?>
<!-- Generated by org.testng.reporters.JUnitReportReporter -->
<testsuite hostname="AUTOMATION-LAB" failures="0" tests="1" name="qsp1.Parallel1" time="0.016" errors="0" timestamp="2023-08-28T16:14:45 IST" skipped="0">
  <testcase classname="qsp1.Parallel1" name="test1" time="0.016"/>
</testsuite> <!-- qsp1.Parallel1 -->
