<?xml version="1.0" encoding="UTF-8"?>
<!-- Generated by org.testng.reporters.JUnitReportReporter -->
<testsuite hostname="AUTOMATION-LAB" failures="0" tests="1" name="qsp1.Test2" time="0.001" errors="0" timestamp="2023-08-16T16:52:53 IST" skipped="0">
  <testcase classname="qsp1.Test2" name="data3" time="0.001">
    <system-out>
      <![CDATA[India]]>
    </system-out>
  </testcase> <!-- data3 -->
  <system-out>
    <![CDATA[hello
world
India]]>
  </system-out>
</testsuite> <!-- qsp1.Test2 -->
