<?xml version="1.0" encoding="UTF-8"?>
<!-- Generated by org.testng.reporters.JUnitReportReporter -->
<testsuite hostname="AUTOMATION-LAB" failures="0" tests="1" name="qsp.ReportingTool1" time="0.272" errors="0" timestamp="2023-08-29T16:18:38 IST" skipped="0">
  <testcase classname="qsp.ReportingTool1" name="test1" time="0.272"/>
</testsuite> <!-- qsp.ReportingTool1 -->
