<?xml version="1.0" encoding="UTF-8"?>
<!-- Generated by org.testng.reporters.JUnitReportReporter -->
<testsuite hostname="AUTOMATION-LAB" failures="0" tests="2" name="qsp1.ParallelExec" time="7.019" errors="0" timestamp="2023-08-25T09:03:29 IST" skipped="0">
  <testcase classname="qsp1.ParallelExec" name="test1" time="2.298"/>
  <testcase classname="qsp1.ParallelExec" name="test1" time="4.721"/>
</testsuite> <!-- qsp1.ParallelExec -->
